[debug] [2025-07-10T15:03:30.664Z] ----------------------------------------------------------------------
[debug] [2025-07-10T15:03:30.666Z] Command:       /nix/store/rbdrkcs5kkwpalxcd7c6bnm33lk2955n-nodejs-20.19.0/bin/node /nix/store/fprgfkwna33crhc86jqbf5878piivvgw-firebase-tools-14.7.0/lib/node_modules/firebase-tools/lib/bin/firebase.js init hosting
[debug] [2025-07-10T15:03:30.667Z] CLI Version:   14.7.0
[debug] [2025-07-10T15:03:30.667Z] Platform:      linux
[debug] [2025-07-10T15:03:30.668Z] Node Version:  v20.19.0
[debug] [2025-07-10T15:03:30.668Z] Time:          Thu Jul 10 2025 15:03:30 GMT+0000 (Coordinated Universal Time)
[debug] [2025-07-10T15:03:30.668Z] ----------------------------------------------------------------------
[debug] 
[debug] [2025-07-10T15:03:30.679Z] > command requires scopes: ["email","openid","https://www.googleapis.com/auth/cloudplatformprojects.readonly","https://www.googleapis.com/auth/firebase","https://www.googleapis.com/auth/cloud-platform"]
[debug] [2025-07-10T15:03:30.680Z] > authorizing via signed-in user (hello@menu-please.app)
[info] 
     ######## #### ########  ######## ########     ###     ######  ########
     ##        ##  ##     ## ##       ##     ##  ##   ##  ##       ##
     ######    ##  ########  ######   ########  #########  ######  ######
     ##        ##  ##    ##  ##       ##     ## ##     ##       ## ##
     ##       #### ##     ## ######## ########  ##     ##  ######  ########

You're about to initialize a Firebase project in this directory:

  /home/user/audio-fitness

[info] 
=== Project Setup
[info] 
[info] First, let's associate this project directory with a Firebase project.
[info] You can create multiple project aliases by running firebase use --add, 
[info] but for now we'll just set up a default project.
[info] 
[debug] [2025-07-10T15:03:44.099Z] Checked if tokens are valid: true, expires at: 1752163321286
[debug] [2025-07-10T15:03:44.099Z] Checked if tokens are valid: true, expires at: 1752163321286
[debug] [2025-07-10T15:03:44.104Z] >>> [apiv2][query] GET https://firebase.googleapis.com/v1beta1/projects pageSize=100
[debug] [2025-07-10T15:03:44.726Z] <<< [apiv2][status] GET https://firebase.googleapis.com/v1beta1/projects 200
[debug] [2025-07-10T15:03:44.726Z] <<< [apiv2][body] GET https://firebase.googleapis.com/v1beta1/projects [omitted]
[info] i  Using project audio-fitness-player (audio-fitness-player) 
[info] 
=== Hosting Setup
[debug] [2025-07-10T15:03:46.419Z] Checked if tokens are valid: true, expires at: 1752163321286
[debug] [2025-07-10T15:03:46.419Z] Checked if tokens are valid: true, expires at: 1752163321286
[debug] [2025-07-10T15:03:46.420Z] >>> [apiv2][query] GET https://firebase.googleapis.com/v1beta1/projects/audio-fitness-player [none]
[debug] [2025-07-10T15:03:46.633Z] <<< [apiv2][status] GET https://firebase.googleapis.com/v1beta1/projects/audio-fitness-player 200
[debug] [2025-07-10T15:03:46.633Z] <<< [apiv2][body] GET https://firebase.googleapis.com/v1beta1/projects/audio-fitness-player {"projectId":"audio-fitness-player","projectNumber":"80430163597","displayName":"audio-fitness-player","name":"projects/audio-fitness-player","resources":{"hostingSite":"audio-fitness-player"},"state":"ACTIVE","etag":"1_8467d5d1-af2c-4e7c-abf2-5b9285aa8818"}
[info] 
[info] i  Didn't detect a .git folder. Assuming /home/user/audio-fitness is the project root. 
[info] i  Authorizing with GitHub to upload your service account to a GitHub repository's secrets store. 
[info] 
[info] Visit this URL on this device to log in:
[info] https://github.com/login/oauth/authorize?client_id=89cf50f02ac6aaed3484&state=1000393406&redirect_uri=http%3A%2F%2Flocalhost%3A9005&scope=read%3Auser%20repo%20public_repo
[info] 
[info] Waiting for authentication...
